  test.c
D:\Program Files\C project\初始C语言49\初始C语言44\test.c(45,23): warning C4133: “函数”: 从“Contact *”到“contact *”的类型不兼容
  contact.c
D:\Program Files\C project\初始C语言49\初始C语言44\contact.c(6,47): error C2100: 非法的间接寻址
D:\Program Files\C project\初始C语言49\初始C语言44\contact.c(12,27): error C2059: 语法错误:“;”
D:\Program Files\C project\初始C语言49\初始C语言44\contact.c(40,8): warning C4477: “scanf”: 格式字符串“%s”需要类型“char *”的参数，但可变参数 1 拥有了类型“int”
D:\Program Files\C project\初始C语言49\初始C语言44\contact.c(85,11): warning C4473: “printf”: 没有为格式字符串传递足够的参数
D:\Program Files\C project\初始C语言49\初始C语言44\contact.c(85,11): message : 占位符和其参数预计 4 可变参数，但提供的却是 0 参数
D:\Program Files\C project\初始C语言49\初始C语言44\contact.c(85,11): message : 缺失的可变参数 1 为格式字符串“%-20s”所需
D:\Program Files\C project\初始C语言49\初始C语言44\contact.c(88,12): warning C4477: “printf”: 格式字符串“%-4d”需要类型“int”的参数，但可变参数 2 拥有了类型“char *”
D:\Program Files\C project\初始C语言49\初始C语言44\contact.c(88,12): warning C4313: "printf": 格式字符串中的 "%d" 与类型为 "char *" 的参数 2 冲突
D:\Program Files\C project\初始C语言49\初始C语言44\contact.c(88,12): warning C4778: “printf”: 格式字符串“%-20\t”未终止
D:\Program Files\C project\初始C语言49\初始C语言44\contact.c(93,17): warning C4474: printf: 格式字符串中传递的参数太多
D:\Program Files\C project\初始C语言49\初始C语言44\contact.c(93,17): message : 占位符和其参数预计 4 可变参数，但提供的却是 5 参数
D:\Program Files\C project\初始C语言49\初始C语言44\contact.c(119,8): warning C4013: “FindByname”未定义；假设外部返回 int
D:\Program Files\C project\初始C语言49\初始C语言44\contact.c(154,36): warning C4028: 形参 1 与声明不同
D:\Program Files\C project\初始C语言49\初始C语言44\contact.c(167,10): warning C4473: “printf”: 没有为格式字符串传递足够的参数
D:\Program Files\C project\初始C语言49\初始C语言44\contact.c(167,10): message : 占位符和其参数预计 4 可变参数，但提供的却是 0 参数
D:\Program Files\C project\初始C语言49\初始C语言44\contact.c(167,10): message : 缺失的可变参数 1 为格式字符串“%-20s”所需
D:\Program Files\C project\初始C语言49\初始C语言44\contact.c(168,10): warning C4473: “printf”: 没有为格式字符串传递足够的参数
D:\Program Files\C project\初始C语言49\初始C语言44\contact.c(168,10): message : 占位符和其参数预计 4 可变参数，但提供的却是 0 参数
D:\Program Files\C project\初始C语言49\初始C语言44\contact.c(168,10): message : 缺失的可变参数 1 为格式字符串“%-20s”所需
D:\Program Files\C project\初始C语言49\初始C语言44\contact.c(193,9): warning C4477: “scanf”: 格式字符串“%s”需要类型“char *”的参数，但可变参数 1 拥有了类型“int”
  正在生成代码...
